time="2021-06-29T11:12:00-04:00" level=debug msg="OpenShift Installer 4.7.16"
time="2021-06-29T11:12:00-04:00" level=debug msg="Built from commit 70efdbfb18d87ba66fb75c20806d7ad0592239d3"
time="2021-06-29T11:12:00-04:00" level=debug msg="Fetching Metadata..."
time="2021-06-29T11:12:00-04:00" level=debug msg="Loading Metadata..."
time="2021-06-29T11:12:00-04:00" level=debug msg="  Loading Cluster ID..."
time="2021-06-29T11:12:00-04:00" level=debug msg="    Loading Install Config..."
time="2021-06-29T11:12:00-04:00" level=debug msg="      Loading SSH Key..."
time="2021-06-29T11:12:00-04:00" level=debug msg="      Loading Base Domain..."
time="2021-06-29T11:12:00-04:00" level=debug msg="        Loading Platform..."
time="2021-06-29T11:12:00-04:00" level=debug msg="      Loading Cluster Name..."
time="2021-06-29T11:12:00-04:00" level=debug msg="        Loading Base Domain..."
time="2021-06-29T11:12:00-04:00" level=debug msg="        Loading Platform..."
time="2021-06-29T11:12:00-04:00" level=debug msg="      Loading Networking..."
time="2021-06-29T11:12:00-04:00" level=debug msg="        Loading Platform..."
time="2021-06-29T11:12:00-04:00" level=debug msg="      Loading Pull Secret..."
time="2021-06-29T11:12:00-04:00" level=debug msg="      Loading Platform..."
time="2021-06-29T11:12:00-04:00" level=debug msg="  Loading Install Config..."
time="2021-06-29T11:12:00-04:00" level=debug msg="  Loading Bootstrap Ignition Config..."
time="2021-06-29T11:12:00-04:00" level=debug msg="    Loading Ironic bootstrap credentials..."
time="2021-06-29T11:12:00-04:00" level=debug msg="    Loading Install Config..."
time="2021-06-29T11:12:00-04:00" level=debug msg="    Loading Kubeconfig Admin Internal Client..."
time="2021-06-29T11:12:00-04:00" level=debug msg="      Loading Certificate (admin-kubeconfig-client)..."
time="2021-06-29T11:12:00-04:00" level=debug msg="        Loading Certificate (admin-kubeconfig-signer)..."
time="2021-06-29T11:12:00-04:00" level=debug msg="      Loading Certificate (kube-apiserver-complete-server-ca-bundle)..."
time="2021-06-29T11:12:00-04:00" level=debug msg="        Loading Certificate (kube-apiserver-localhost-ca-bundle)..."
time="2021-06-29T11:12:00-04:00" level=debug msg="          Loading Certificate (kube-apiserver-localhost-signer)..."
time="2021-06-29T11:12:00-04:00" level=debug msg="        Loading Certificate (kube-apiserver-service-network-ca-bundle)..."
time="2021-06-29T11:12:00-04:00" level=debug msg="          Loading Certificate (kube-apiserver-service-network-signer)..."
time="2021-06-29T11:12:00-04:00" level=debug msg="        Loading Certificate (kube-apiserver-lb-ca-bundle)..."
time="2021-06-29T11:12:00-04:00" level=debug msg="          Loading Certificate (kube-apiserver-lb-signer)..."
time="2021-06-29T11:12:00-04:00" level=debug msg="      Loading Install Config..."
time="2021-06-29T11:12:00-04:00" level=debug msg="    Loading Kubeconfig Kubelet..."
time="2021-06-29T11:12:00-04:00" level=debug msg="      Loading Certificate (kube-apiserver-complete-server-ca-bundle)..."
time="2021-06-29T11:12:00-04:00" level=debug msg="      Loading Certificate (kubelet-client)..."
time="2021-06-29T11:12:00-04:00" level=debug msg="        Loading Certificate (kubelet-bootstrap-kubeconfig-signer)..."
time="2021-06-29T11:12:00-04:00" level=debug msg="      Loading Install Config..."
time="2021-06-29T11:12:00-04:00" level=debug msg="    Loading Kubeconfig Admin Client (Loopback)..."
time="2021-06-29T11:12:00-04:00" level=debug msg="      Loading Certificate (admin-kubeconfig-client)..."
time="2021-06-29T11:12:00-04:00" level=debug msg="      Loading Certificate (kube-apiserver-localhost-ca-bundle)..."
time="2021-06-29T11:12:00-04:00" level=debug msg="      Loading Install Config..."
time="2021-06-29T11:12:00-04:00" level=debug msg="    Loading Master Ignition Customization Check..."
time="2021-06-29T11:12:00-04:00" level=debug msg="      Loading Install Config..."
time="2021-06-29T11:12:00-04:00" level=debug msg="      Loading Root CA..."
time="2021-06-29T11:12:00-04:00" level=debug msg="      Loading Master Ignition Config..."
time="2021-06-29T11:12:00-04:00" level=debug msg="        Loading Install Config..."
time="2021-06-29T11:12:00-04:00" level=debug msg="        Loading Root CA..."
time="2021-06-29T11:12:00-04:00" level=debug msg="    Loading Worker Ignition Customization Check..."
time="2021-06-29T11:12:00-04:00" level=debug msg="      Loading Install Config..."
time="2021-06-29T11:12:00-04:00" level=debug msg="      Loading Root CA..."
time="2021-06-29T11:12:00-04:00" level=debug msg="      Loading Worker Ignition Config..."
time="2021-06-29T11:12:00-04:00" level=debug msg="        Loading Install Config..."
time="2021-06-29T11:12:00-04:00" level=debug msg="        Loading Root CA..."
time="2021-06-29T11:12:00-04:00" level=debug msg="    Loading Master Machines..."
time="2021-06-29T11:12:00-04:00" level=debug msg="      Loading Cluster ID..."
time="2021-06-29T11:12:00-04:00" level=debug msg="      Loading Platform Credentials Check..."
time="2021-06-29T11:12:00-04:00" level=debug msg="        Loading Install Config..."
time="2021-06-29T11:12:00-04:00" level=debug msg="      Loading Install Config..."
time="2021-06-29T11:12:00-04:00" level=debug msg="      Loading Image..."
time="2021-06-29T11:12:00-04:00" level=debug msg="        Loading Install Config..."
time="2021-06-29T11:12:00-04:00" level=debug msg="      Loading Master Ignition Config..."
time="2021-06-29T11:12:00-04:00" level=debug msg="    Loading Worker Machines..."
time="2021-06-29T11:12:00-04:00" level=debug msg="      Loading Cluster ID..."
time="2021-06-29T11:12:00-04:00" level=debug msg="      Loading Platform Credentials Check..."
time="2021-06-29T11:12:00-04:00" level=debug msg="      Loading Install Config..."
time="2021-06-29T11:12:00-04:00" level=debug msg="      Loading Image..."
time="2021-06-29T11:12:00-04:00" level=debug msg="      Loading Worker Ignition Config..."
time="2021-06-29T11:12:00-04:00" level=debug msg="    Loading Common Manifests..."
time="2021-06-29T11:12:00-04:00" level=debug msg="      Loading Cluster ID..."
time="2021-06-29T11:12:00-04:00" level=debug msg="      Loading Install Config..."
time="2021-06-29T11:12:00-04:00" level=debug msg="      Loading Ingress Config..."
time="2021-06-29T11:12:00-04:00" level=debug msg="        Loading Install Config..."
time="2021-06-29T11:12:00-04:00" level=debug msg="      Loading DNS Config..."
time="2021-06-29T11:12:00-04:00" level=debug msg="        Loading Install Config..."
time="2021-06-29T11:12:00-04:00" level=debug msg="        Loading Cluster ID..."
time="2021-06-29T11:12:00-04:00" level=debug msg="        Loading Platform Credentials Check..."
time="2021-06-29T11:12:00-04:00" level=debug msg="      Loading Infrastructure Config..."
time="2021-06-29T11:12:00-04:00" level=debug msg="        Loading Cluster ID..."
time="2021-06-29T11:12:00-04:00" level=debug msg="        Loading Install Config..."
time="2021-06-29T11:12:00-04:00" level=debug msg="        Loading Cloud Provider Config..."
time="2021-06-29T11:12:00-04:00" level=debug msg="          Loading Install Config..."
time="2021-06-29T11:12:00-04:00" level=debug msg="          Loading Cluster ID..."
time="2021-06-29T11:12:00-04:00" level=debug msg="          Loading Platform Credentials Check..."
time="2021-06-29T11:12:00-04:00" level=debug msg="        Loading Additional Trust Bundle Config..."
time="2021-06-29T11:12:00-04:00" level=debug msg="          Loading Install Config..."
time="2021-06-29T11:12:00-04:00" level=debug msg="      Loading Network Config..."
time="2021-06-29T11:12:00-04:00" level=debug msg="        Loading Install Config..."
time="2021-06-29T11:12:00-04:00" level=debug msg="        Loading Network CRDs..."
time="2021-06-29T11:12:00-04:00" level=debug msg="      Loading Proxy Config..."
time="2021-06-29T11:12:00-04:00" level=debug msg="        Loading Install Config..."
time="2021-06-29T11:12:00-04:00" level=debug msg="        Loading Network Config..."
time="2021-06-29T11:12:00-04:00" level=debug msg="      Loading Scheduler Config..."
time="2021-06-29T11:12:00-04:00" level=debug msg="        Loading Install Config..."
time="2021-06-29T11:12:00-04:00" level=debug msg="      Loading Image Content Source Policy..."
time="2021-06-29T11:12:00-04:00" level=debug msg="        Loading Install Config..."
time="2021-06-29T11:12:00-04:00" level=debug msg="      Loading Root CA..."
time="2021-06-29T11:12:00-04:00" level=debug msg="      Loading Certificate (etcd-signer)..."
time="2021-06-29T11:12:00-04:00" level=debug msg="      Loading Certificate (etcd-ca-bundle)..."
time="2021-06-29T11:12:00-04:00" level=debug msg="        Loading Certificate (etcd-signer)..."
time="2021-06-29T11:12:00-04:00" level=debug msg="      Loading Certificate (etcd-client)..."
time="2021-06-29T11:12:00-04:00" level=debug msg="        Loading Certificate (etcd-signer)..."
time="2021-06-29T11:12:00-04:00" level=debug msg="      Loading Certificate (etcd-metric-ca-bundle)..."
time="2021-06-29T11:12:00-04:00" level=debug msg="        Loading Certificate (etcd-metric-signer)..."
time="2021-06-29T11:12:00-04:00" level=debug msg="      Loading Certificate (etcd-metric-signer)..."
time="2021-06-29T11:12:00-04:00" level=debug msg="      Loading Certificate (etcd-metric-signer-client)..."
time="2021-06-29T11:12:00-04:00" level=debug msg="        Loading Certificate (etcd-metric-signer)..."
time="2021-06-29T11:12:00-04:00" level=debug msg="      Loading Certificate (mcs)..."
time="2021-06-29T11:12:00-04:00" level=debug msg="        Loading Root CA..."
time="2021-06-29T11:12:00-04:00" level=debug msg="        Loading Install Config..."
time="2021-06-29T11:12:00-04:00" level=debug msg="      Loading CVOOverrides..."
time="2021-06-29T11:12:00-04:00" level=debug msg="      Loading EtcdCAConfigMap..."
time="2021-06-29T11:12:00-04:00" level=debug msg="      Loading EtcdClientSecret..."
time="2021-06-29T11:12:00-04:00" level=debug msg="      Loading EtcdMetricClientSecret..."
time="2021-06-29T11:12:00-04:00" level=debug msg="      Loading EtcdMetricServingCAConfigMap..."
time="2021-06-29T11:12:00-04:00" level=debug msg="      Loading EtcdMetricSignerSecret..."
time="2021-06-29T11:12:00-04:00" level=debug msg="      Loading EtcdNamespace..."
time="2021-06-29T11:12:00-04:00" level=debug msg="      Loading EtcdService..."
time="2021-06-29T11:12:00-04:00" level=debug msg="      Loading EtcdSignerSecret..."
time="2021-06-29T11:12:00-04:00" level=debug msg="      Loading KubeCloudConfig..."
time="2021-06-29T11:12:00-04:00" level=debug msg="      Loading EtcdServingCAConfigMap..."
time="2021-06-29T11:12:00-04:00" level=debug msg="      Loading KubeSystemConfigmapRootCA..."
time="2021-06-29T11:12:00-04:00" level=debug msg="      Loading MachineConfigServerTLSSecret..."
time="2021-06-29T11:12:00-04:00" level=debug msg="      Loading OpenshiftConfigSecretPullSecret..."
time="2021-06-29T11:12:00-04:00" level=debug msg="      Loading OpenshiftMachineConfigOperator..."
time="2021-06-29T11:12:00-04:00" level=debug msg="      Loading KubevirtInfraNamespace..."
time="2021-06-29T11:12:00-04:00" level=debug msg="    Loading Openshift Manifests..."
time="2021-06-29T11:12:00-04:00" level=debug msg="      Loading Install Config..."
time="2021-06-29T11:12:00-04:00" level=debug msg="      Loading Cluster ID..."
time="2021-06-29T11:12:00-04:00" level=debug msg="      Loading Kubeadmin Password..."
time="2021-06-29T11:12:00-04:00" level=debug msg="      Loading OpenShift Install (Manifests)..."
time="2021-06-29T11:12:00-04:00" level=debug msg="      Loading CloudCredsSecret..."
time="2021-06-29T11:12:00-04:00" level=debug msg="      Loading KubeadminPasswordSecret..."
time="2021-06-29T11:12:00-04:00" level=debug msg="      Loading RoleCloudCredsSecretReader..."
time="2021-06-29T11:12:00-04:00" level=debug msg="      Loading Private Cluster Outbound Service..."
time="2021-06-29T11:12:00-04:00" level=debug msg="      Loading Baremetal Config CR..."
time="2021-06-29T11:12:00-04:00" level=debug msg="      Loading Image..."
time="2021-06-29T11:12:00-04:00" level=debug msg="    Loading Proxy Config..."
time="2021-06-29T11:12:00-04:00" level=debug msg="    Loading Certificate (admin-kubeconfig-ca-bundle)..."
time="2021-06-29T11:12:00-04:00" level=debug msg="      Loading Certificate (admin-kubeconfig-signer)..."
time="2021-06-29T11:12:00-04:00" level=debug msg="    Loading Certificate (aggregator)..."
time="2021-06-29T11:12:00-04:00" level=debug msg="    Loading Certificate (aggregator-ca-bundle)..."
time="2021-06-29T11:12:00-04:00" level=debug msg="      Loading Certificate (aggregator-signer)..."
time="2021-06-29T11:12:00-04:00" level=debug msg="    Loading Certificate (system:kube-apiserver-proxy)..."
time="2021-06-29T11:12:00-04:00" level=debug msg="      Loading Certificate (aggregator-signer)..."
time="2021-06-29T11:12:00-04:00" level=debug msg="    Loading Certificate (aggregator-signer)..."
time="2021-06-29T11:12:00-04:00" level=debug msg="    Loading Certificate (system:kube-apiserver-proxy)..."
time="2021-06-29T11:12:00-04:00" level=debug msg="      Loading Certificate (aggregator)..."
time="2021-06-29T11:12:00-04:00" level=debug msg="    Loading Bootstrap SSH Key Pair..."
time="2021-06-29T11:12:00-04:00" level=debug msg="    Loading User-provided Service Account Signing key..."
time="2021-06-29T11:12:00-04:00" level=debug msg="    Loading Cloud Provider CA Bundle..."
time="2021-06-29T11:12:00-04:00" level=debug msg="      Loading Install Config..."
time="2021-06-29T11:12:00-04:00" level=debug msg="    Loading Certificate (etcd-ca-bundle)..."
time="2021-06-29T11:12:00-04:00" level=debug msg="    Loading Certificate (etcd-metric-ca-bundle)..."
time="2021-06-29T11:12:00-04:00" level=debug msg="    Loading Certificate (etcd-metric-signer)..."
time="2021-06-29T11:12:00-04:00" level=debug msg="    Loading Certificate (etcd-metric-signer-client)..."
time="2021-06-29T11:12:00-04:00" level=debug msg="    Loading Certificate (etcd-signer)..."
time="2021-06-29T11:12:00-04:00" level=debug msg="    Loading Certificate (etcd-client)..."
time="2021-06-29T11:12:00-04:00" level=debug msg="    Loading Certificate (journal-gatewayd)..."
time="2021-06-29T11:12:00-04:00" level=debug msg="      Loading Root CA..."
time="2021-06-29T11:12:00-04:00" level=debug msg="    Loading Certificate (kube-apiserver-lb-ca-bundle)..."
time="2021-06-29T11:12:00-04:00" level=debug msg="    Loading Certificate (kube-apiserver-external-lb-server)..."
time="2021-06-29T11:12:00-04:00" level=debug msg="      Loading Certificate (kube-apiserver-lb-signer)..."
time="2021-06-29T11:12:00-04:00" level=debug msg="      Loading Install Config..."
time="2021-06-29T11:12:00-04:00" level=debug msg="    Loading Certificate (kube-apiserver-internal-lb-server)..."
time="2021-06-29T11:12:00-04:00" level=debug msg="      Loading Certificate (kube-apiserver-lb-signer)..."
time="2021-06-29T11:12:00-04:00" level=debug msg="      Loading Install Config..."
time="2021-06-29T11:12:00-04:00" level=debug msg="    Loading Certificate (kube-apiserver-lb-signer)..."
time="2021-06-29T11:12:00-04:00" level=debug msg="    Loading Certificate (kube-apiserver-localhost-ca-bundle)..."
time="2021-06-29T11:12:00-04:00" level=debug msg="    Loading Certificate (kube-apiserver-localhost-server)..."
time="2021-06-29T11:12:00-04:00" level=debug msg="      Loading Certificate (kube-apiserver-localhost-signer)..."
time="2021-06-29T11:12:00-04:00" level=debug msg="    Loading Certificate (kube-apiserver-localhost-signer)..."
time="2021-06-29T11:12:00-04:00" level=debug msg="    Loading Certificate (kube-apiserver-service-network-ca-bundle)..."
time="2021-06-29T11:12:00-04:00" level=debug msg="    Loading Certificate (kube-apiserver-service-network-server)..."
time="2021-06-29T11:12:00-04:00" level=debug msg="      Loading Certificate (kube-apiserver-service-network-signer)..."
time="2021-06-29T11:12:00-04:00" level=debug msg="      Loading Install Config..."
time="2021-06-29T11:12:00-04:00" level=debug msg="    Loading Certificate (kube-apiserver-service-network-signer)..."
time="2021-06-29T11:12:00-04:00" level=debug msg="    Loading Certificate (kube-apiserver-complete-server-ca-bundle)..."
time="2021-06-29T11:12:00-04:00" level=debug msg="    Loading Certificate (kube-apiserver-complete-client-ca-bundle)..."
time="2021-06-29T11:12:00-04:00" level=debug msg="      Loading Certificate (admin-kubeconfig-ca-bundle)..."
time="2021-06-29T11:12:00-04:00" level=debug msg="      Loading Certificate (kubelet-client-ca-bundle)..."
time="2021-06-29T11:12:00-04:00" level=debug msg="        Loading Certificate (kubelet-signer)..."
time="2021-06-29T11:12:00-04:00" level=debug msg="      Loading Certificate (kube-control-plane-ca-bundle)..."
time="2021-06-29T11:12:00-04:00" level=debug msg="        Loading Certificate (kube-control-plane-signer)..."
time="2021-06-29T11:12:00-04:00" level=debug msg="        Loading Certificate (kube-apiserver-lb-signer)..."
time="2021-06-29T11:12:00-04:00" level=debug msg="        Loading Certificate (kube-apiserver-localhost-signer)..."
time="2021-06-29T11:12:00-04:00" level=debug msg="        Loading Certificate (kube-apiserver-service-network-signer)..."
time="2021-06-29T11:12:00-04:00" level=debug msg="      Loading Certificate (kube-apiserver-to-kubelet-ca-bundle)..."
time="2021-06-29T11:12:00-04:00" level=debug msg="        Loading Certificate (kube-apiserver-to-kubelet-signer)..."
time="2021-06-29T11:12:00-04:00" level=debug msg="      Loading Certificate (kubelet-bootstrap-kubeconfig-ca-bundle)..."
time="2021-06-29T11:12:00-04:00" level=debug msg="        Loading Certificate (kubelet-bootstrap-kubeconfig-signer)..."
time="2021-06-29T11:12:00-04:00" level=debug msg="    Loading Certificate (kube-apiserver-to-kubelet-ca-bundle)..."
time="2021-06-29T11:12:00-04:00" level=debug msg="    Loading Certificate (kube-apiserver-to-kubelet-client)..."
time="2021-06-29T11:12:00-04:00" level=debug msg="      Loading Certificate (kube-apiserver-to-kubelet-signer)..."
time="2021-06-29T11:12:00-04:00" level=debug msg="    Loading Certificate (kube-apiserver-to-kubelet-signer)..."
time="2021-06-29T11:12:00-04:00" level=debug msg="    Loading Certificate (kube-control-plane-ca-bundle)..."
time="2021-06-29T11:12:00-04:00" level=debug msg="    Loading Certificate (kube-control-plane-kube-controller-manager-client)..."
time="2021-06-29T11:12:00-04:00" level=debug msg="      Loading Certificate (kube-control-plane-signer)..."
time="2021-06-29T11:12:00-04:00" level=debug msg="    Loading Certificate (kube-control-plane-kube-scheduler-client)..."
time="2021-06-29T11:12:00-04:00" level=debug msg="      Loading Certificate (kube-control-plane-signer)..."
time="2021-06-29T11:12:00-04:00" level=debug msg="    Loading Certificate (kube-control-plane-signer)..."
time="2021-06-29T11:12:00-04:00" level=debug msg="    Loading Certificate (kubelet-bootstrap-kubeconfig-ca-bundle)..."
time="2021-06-29T11:12:00-04:00" level=debug msg="    Loading Certificate (kubelet-client-ca-bundle)..."
time="2021-06-29T11:12:00-04:00" level=debug msg="    Loading Certificate (kubelet-client)..."
time="2021-06-29T11:12:00-04:00" level=debug msg="    Loading Certificate (kubelet-signer)..."
time="2021-06-29T11:12:00-04:00" level=debug msg="    Loading Certificate (kubelet-serving-ca-bundle)..."
time="2021-06-29T11:12:00-04:00" level=debug msg="      Loading Certificate (kubelet-signer)..."
time="2021-06-29T11:12:00-04:00" level=debug msg="    Loading Certificate (mcs)..."
time="2021-06-29T11:12:00-04:00" level=debug msg="    Loading Root CA..."
time="2021-06-29T11:12:00-04:00" level=debug msg="    Loading Key Pair (service-account.pub)..."
time="2021-06-29T11:12:00-04:00" level=debug msg="    Loading Release Image Pull Spec..."
time="2021-06-29T11:12:00-04:00" level=debug msg="    Loading Image..."
time="2021-06-29T11:12:00-04:00" level=debug msg="  Fetching Cluster ID..."
time="2021-06-29T11:12:00-04:00" level=debug msg="    Fetching Install Config..."
time="2021-06-29T11:12:00-04:00" level=debug msg="      Fetching SSH Key..."
time="2021-06-29T11:12:00-04:00" level=debug msg="      Generating SSH Key..."
time="2021-06-29T11:12:02-04:00" level=fatal msg="failed to fetch Metadata: failed to fetch dependency of \"Metadata\": failed to fetch dependency of \"Cluster ID\": failed to fetch dependency of \"Install Config\": failed to generate asset \"SSH Key\": failed UserInput: interrupt"
